c:\users\santiago\documents\idv\6 cuatrimestre\steering_ia\steering_ia\debug\steering_ia.pch
c:\users\santiago\documents\idv\6 cuatrimestre\steering_ia\steering_ia\debug\vc140.pdb
c:\users\santiago\documents\idv\6 cuatrimestre\steering_ia\steering_ia\debug\vc140.idb
c:\users\santiago\documents\idv\6 cuatrimestre\steering_ia\steering_ia\debug\stdafx.obj
c:\users\santiago\documents\idv\6 cuatrimestre\steering_ia\steering_ia\debug\app.obj
c:\users\santiago\documents\idv\6 cuatrimestre\steering_ia\steering_ia\debug\gameobject.obj
c:\users\santiago\documents\idv\6 cuatrimestre\steering_ia\steering_ia\debug\steering_ia.obj
c:\users\santiago\documents\idv\6 cuatrimestre\steering_ia\steering_ia\debug\vector3.obj
c:\users\santiago\documents\idv\6 cuatrimestre\steering_ia\steering_ia\debug\world.obj
c:\users\santiago\documents\idv\6 cuatrimestre\steering_ia\steering_ia\debug\boid.obj
c:\users\santiago\documents\idv\6 cuatrimestre\steering_ia\steering_ia\debug\gamewindow.obj
c:\users\santiago\documents\idv\6 cuatrimestre\steering_ia\steering_ia\debug\mainmenu.obj
c:\users\santiago\documents\idv\6 cuatrimestre\steering_ia\steering_ia\debug\obstacle.obj
c:\users\santiago\documents\idv\6 cuatrimestre\steering_ia\steering_ia\debug\state.obj
c:\users\santiago\documents\idv\6 cuatrimestre\steering_ia\steering_ia\debug\statemachine.obj
c:\users\santiago\documents\idv\6 cuatrimestre\steering_ia\steering_ia\debug\window.obj
c:\users\santiago\documents\idv\6 cuatrimestre\steering_ia\steering_ia\debug\mainbutton.obj
c:\users\santiago\desktop\artifial intelligence\steering_ia\steering_ia\debug\steering_ia.pch
c:\users\santiago\desktop\artifial intelligence\steering_ia\steering_ia\debug\vc140.pdb
c:\users\santiago\desktop\artifial intelligence\steering_ia\steering_ia\debug\vc140.idb
c:\users\santiago\desktop\artifial intelligence\steering_ia\steering_ia\debug\stdafx.obj
c:\users\santiago\desktop\artifial intelligence\steering_ia\steering_ia\debug\flag.obj
c:\users\santiago\desktop\artifial intelligence\steering_ia\steering_ia\debug\gameobject.obj
c:\users\santiago\desktop\artifial intelligence\steering_ia\steering_ia\debug\mainbutton.obj
c:\users\santiago\desktop\artifial intelligence\steering_ia\steering_ia\debug\obstacle.obj
c:\users\santiago\desktop\artifial intelligence\steering_ia\steering_ia\debug\spriterenderer.obj
c:\users\santiago\desktop\artifial intelligence\steering_ia\steering_ia\debug\timer.obj
c:\users\santiago\desktop\artifial intelligence\steering_ia\steering_ia\debug\vector3.obj
c:\users\santiago\desktop\artifial intelligence\steering_ia\steering_ia\debug\state.obj
c:\users\santiago\desktop\artifial intelligence\steering_ia\steering_ia\debug\agent.obj
c:\users\santiago\desktop\artifial intelligence\steering_ia\steering_ia\debug\statemachine.obj
c:\users\santiago\desktop\artifial intelligence\steering_ia\steering_ia\debug\world.obj
c:\users\santiago\desktop\artifial intelligence\steering_ia\steering_ia\debug\steering_ia.obj
c:\users\santiago\documents\idv\6 cuatrimestre\steering_ia\debug\steering_ia.ilk
c:\users\santiago\documents\idv\6 cuatrimestre\steering_ia\debug\steering_ia.exe
c:\users\santiago\documents\idv\6 cuatrimestre\steering_ia\debug\steering_ia.pdb
c:\users\santiago\desktop\artifial intelligence\steering_ia\steering_ia\debug\sceneprops.obj
c:\users\santiago\desktop\artifial intelligence\steering_ia\steering_ia\debug\steering_ia.tlog\cl.command.1.tlog
c:\users\santiago\desktop\artifial intelligence\steering_ia\steering_ia\debug\steering_ia.tlog\cl.read.1.tlog
c:\users\santiago\desktop\artifial intelligence\steering_ia\steering_ia\debug\steering_ia.tlog\cl.write.1.tlog
c:\users\santiago\desktop\artifial intelligence\steering_ia\steering_ia\debug\steering_ia.tlog\link.command.1.tlog
c:\users\santiago\desktop\artifial intelligence\steering_ia\steering_ia\debug\steering_ia.tlog\link.read.1.tlog
c:\users\santiago\desktop\artifial intelligence\steering_ia\steering_ia\debug\steering_ia.tlog\link.write.1.tlog
